Removed Pin From Net: NetName=VCC Pin=LED1-1
Change Component Designator: OldDesignator=C1 NewDesignator=C2
Change Component Designator: OldDesignator=C2 NewDesignator=C3
Change Component Designator: OldDesignator=C3 NewDesignator=C4
Change Component Designator: OldDesignator=C4 NewDesignator=C5
Change Component Designator: OldDesignator=R1 NewDesignator=R2
Change Component Designator: OldDesignator=R2 NewDesignator=R3
Change Component Designator: OldDesignator=R3 NewDesignator=R4
Change Component Designator: OldDesignator=R4 NewDesignator=R5
Change Component Designator: OldDesignator=R5 NewDesignator=R6
Change Component Designator: OldDesignator=R6 NewDesignator=R7
Change Component Designator: OldDesignator=R7 NewDesignator=R8
Change Component Designator: OldDesignator=R8 NewDesignator=R9
Added Component: Designator=C1(CP1.5/3.4)
Add component. Clean all parameters for all variants
Add component (AddParameter): Name = "Description 1"; Value = "1000uF/6,3V - 470uF/16V - 330uF - 25V"; VariantName = "[No Variations]"
Add component (AddParameter): Name = "Description 2"; Value = "220uF/35V - 100uF/50V - 63V - 4,7uF/200V"; VariantName = "[No Variations]"
Add component (AddParameter): Name = "Description 3"; Value = "22uF => 33uF100V - 3,3uF => 4,7uF/250V"; VariantName = "[No Variations]"
Add component (AddParameter): Name = "Description 4"; Value = "2,2uF =>3,3uF/350 - 2,2uF/400V - 1uF/450V"; VariantName = "[No Variations]"
Add component (AddParameter): Name = "Value"; Value = "100uF/35V/50V"; VariantName = "[No Variations]"
Added Component: Designator=R1(RES-1/4W)
Add component. Clean all parameters for all variants
Added Pin To Net: NetName=VCC Pin=C1-1
Added Pin To Net: NetName=GND Pin=C1-2
Added Pin To Net: NetName=VCC Pin=R1-1
Added Pin To Net: NetName=NetLED1_1 Pin=LED1-1
Added Pin To Net: NetName=NetLED1_1 Pin=R1-2
Added Net: Name=NetLED1_1
Added Member To Class: ClassName=RemoteLora Member=Component C5 103
Added Member To Class: ClassName=RemoteLora Member=Component R9 1k
Added Room: Name=RemoteLora
