Added Component: Designator=*1(SW bapbenh)
Add component. Clean all parameters for all variants
Added Component: Designator=A1(Arduino Nano)
Add component. Clean all parameters for all variants
Added Component: Designator=C1(SM-0805)
Add component. Clean all parameters for all variants
Add component (AddParameter): Name = "Value"; Value = "103"; VariantName = "[No Variations]"
Added Component: Designator=C2(SM-0805)
Add component. Clean all parameters for all variants
Add component (AddParameter): Name = "Value"; Value = "103"; VariantName = "[No Variations]"
Added Component: Designator=C3(SM-0805)
Add component. Clean all parameters for all variants
Add component (AddParameter): Name = "Value"; Value = "103"; VariantName = "[No Variations]"
Added Component: Designator=C4(SM-0805)
Add component. Clean all parameters for all variants
Add component (AddParameter): Name = "Value"; Value = "103"; VariantName = "[No Variations]"
Added Component: Designator=D1(D0.5A)
Add component. Clean all parameters for all variants
Added Component: Designator=J1(KF2-3.5)
Add component. Clean all parameters for all variants
Add component (AddParameter): Name = "ComponentLink1 Description"; Value = "Manufacturer"; VariantName = "[No Variations]"
Add component (AddParameter): Name = "ComponentLink1URL"; Value = "http://www.we-online.com"; VariantName = "[No Variations]"
Add component (AddParameter): Name = "ComponentLink2 Description"; Value = "Datasheet"; VariantName = "[No Variations]"
Add component (AddParameter): Name = "ComponentLink2URL"; Value = "http://katalog.we-online.de/em/datasheet/6911031100xx.pdf"; VariantName = "[No Variations]"
Add component (AddParameter): Name = "Created by"; Value = "Karrer Zheng"; VariantName = "[No Variations]"
Add component (AddParameter): Name = "Created Date"; Value = "29 October 2013"; VariantName = "[No Variations]"
Add component (AddParameter): Name = "Manufacturer"; Value = "Würth Elektronik eiSos GmbH"; VariantName = "[No Variations]"
Add component (AddParameter): Name = "NoPins"; Value = "2"; VariantName = "[No Variations]"
Add component (AddParameter): Name = "partNo"; Value = "691103110002"; VariantName = "[No Variations]"
Added Component: Designator=LED1(LED-5-BLUE)
Add component. Clean all parameters for all variants
Added Component: Designator=LED2(LED-5-BLUE)
Add component. Clean all parameters for all variants
Added Component: Designator=LED3(LED-5-BLUE)
Add component. Clean all parameters for all variants
Added Component: Designator=LED4(LED-5-BLUE)
Add component. Clean all parameters for all variants
Added Component: Designator=LED5(LED-5-BLUE)
Add component. Clean all parameters for all variants
Added Component: Designator=R1(RES-1/4W)
Add component. Clean all parameters for all variants
Added Component: Designator=R2(RES-1/4W)
Add component. Clean all parameters for all variants
Added Component: Designator=R3(RES-1/4W)
Add component. Clean all parameters for all variants
Added Component: Designator=R4(RES-1/4W)
Add component. Clean all parameters for all variants
Added Component: Designator=R5(RES-1/4W)
Add component. Clean all parameters for all variants
Added Component: Designator=R6(RES-1/4W)
Add component. Clean all parameters for all variants
Added Component: Designator=R7(RES-1/4W)
Add component. Clean all parameters for all variants
Added Component: Designator=R8(RES-1/4W)
Add component. Clean all parameters for all variants
Added Component: Designator=S1(BUTTON  ROUND)
Add component. Clean all parameters for all variants
Add component (AddParameter): Name = "LatestRevisionDate"; Value = "17-Jul-2002"; VariantName = "[No Variations]"
Add component (AddParameter): Name = "LatestRevisionNote"; Value = "Re-released for DXP Platform."; VariantName = "[No Variations]"
Add component (AddParameter): Name = "PackageReference"; Value = "SPST-2"; VariantName = "[No Variations]"
Add component (AddParameter): Name = "Published"; Value = "24-Mar-1999"; VariantName = "[No Variations]"
Add component (AddParameter): Name = "Publisher"; Value = "Altium Limited"; VariantName = "[No Variations]"
Added Component: Designator=S2(BUTTON  ROUND)
Add component. Clean all parameters for all variants
Add component (AddParameter): Name = "LatestRevisionDate"; Value = "17-Jul-2002"; VariantName = "[No Variations]"
Add component (AddParameter): Name = "LatestRevisionNote"; Value = "Re-released for DXP Platform."; VariantName = "[No Variations]"
Add component (AddParameter): Name = "PackageReference"; Value = "SPST-2"; VariantName = "[No Variations]"
Add component (AddParameter): Name = "Published"; Value = "24-Mar-1999"; VariantName = "[No Variations]"
Add component (AddParameter): Name = "Publisher"; Value = "Altium Limited"; VariantName = "[No Variations]"
Added Component: Designator=S3(BUTTON  ROUND)
Add component. Clean all parameters for all variants
Add component (AddParameter): Name = "LatestRevisionDate"; Value = "17-Jul-2002"; VariantName = "[No Variations]"
Add component (AddParameter): Name = "LatestRevisionNote"; Value = "Re-released for DXP Platform."; VariantName = "[No Variations]"
Add component (AddParameter): Name = "PackageReference"; Value = "SPST-2"; VariantName = "[No Variations]"
Add component (AddParameter): Name = "Published"; Value = "24-Mar-1999"; VariantName = "[No Variations]"
Add component (AddParameter): Name = "Publisher"; Value = "Altium Limited"; VariantName = "[No Variations]"
Added Component: Designator=S4(BUTTON  ROUND)
Add component. Clean all parameters for all variants
Add component (AddParameter): Name = "LatestRevisionDate"; Value = "17-Jul-2002"; VariantName = "[No Variations]"
Add component (AddParameter): Name = "LatestRevisionNote"; Value = "Re-released for DXP Platform."; VariantName = "[No Variations]"
Add component (AddParameter): Name = "PackageReference"; Value = "SPST-2"; VariantName = "[No Variations]"
Add component (AddParameter): Name = "Published"; Value = "24-Mar-1999"; VariantName = "[No Variations]"
Add component (AddParameter): Name = "Publisher"; Value = "Altium Limited"; VariantName = "[No Variations]"
Added Component: Designator=U1(Lora_uart_sx1278)
Add component. Clean all parameters for all variants
Added Pin To Net: NetName=AUX Pin=A1-4
Added Pin To Net: NetName=AUX Pin=U1-5
Added Net: Name=AUX
Added Pin To Net: NetName=DOWN Pin=C2-2
Added Pin To Net: NetName=DOWN Pin=LED3-2
Added Pin To Net: NetName=DOWN Pin=R4-1
Added Pin To Net: NetName=DOWN Pin=S2-2
Added Net: Name=DOWN
Added Pin To Net: NetName=GND Pin=A1-3
Added Pin To Net: NetName=GND Pin=A1-28
Added Pin To Net: NetName=GND Pin=C1-1
Added Pin To Net: NetName=GND Pin=C2-1
Added Pin To Net: NetName=GND Pin=C3-1
Added Pin To Net: NetName=GND Pin=C4-1
Added Pin To Net: NetName=GND Pin=J1-1
Added Pin To Net: NetName=GND Pin=S1-1
Added Pin To Net: NetName=GND Pin=S2-1
Added Pin To Net: NetName=GND Pin=S3-1
Added Pin To Net: NetName=GND Pin=S4-1
Added Pin To Net: NetName=GND Pin=U1-7
Added Net: Name=GND
Added Pin To Net: NetName=LORA_RX Pin=A1-0
Added Pin To Net: NetName=LORA_RX Pin=U1-3
Added Net: Name=LORA_RX
Added Pin To Net: NetName=LORA_TX Pin=A1-1
Added Pin To Net: NetName=LORA_TX Pin=U1-4
Added Net: Name=LORA_TX
Added Pin To Net: NetName=M0 Pin=A1-5
Added Pin To Net: NetName=M0 Pin=U1-1
Added Net: Name=M0
Added Pin To Net: NetName=M1 Pin=A1-6
Added Pin To Net: NetName=M1 Pin=U1-2
Added Net: Name=M1
Added Pin To Net: NetName=Net*1_1 Pin=*1-1
Added Pin To Net: NetName=Net*1_1 Pin=D1-2
Added Net: Name=Net*1_1
Added Pin To Net: NetName=NetA1_23 Pin=A1-23
Added Pin To Net: NetName=NetA1_23 Pin=LED1-2
Added Net: Name=NetA1_23
Added Pin To Net: NetName=NetD1_1 Pin=D1-1
Added Pin To Net: NetName=NetD1_1 Pin=J1-2
Added Net: Name=NetD1_1
Added Pin To Net: NetName=NetLED2_1 Pin=LED2-1
Added Pin To Net: NetName=NetLED2_1 Pin=R1-1
Added Net: Name=NetLED2_1
Added Pin To Net: NetName=NetLED3_1 Pin=LED3-1
Added Pin To Net: NetName=NetLED3_1 Pin=R2-1
Added Net: Name=NetLED3_1
Added Pin To Net: NetName=NetLED4_1 Pin=LED4-1
Added Pin To Net: NetName=NetLED4_1 Pin=R5-1
Added Net: Name=NetLED4_1
Added Pin To Net: NetName=NetLED5_1 Pin=LED5-1
Added Pin To Net: NetName=NetLED5_1 Pin=R6-1
Added Net: Name=NetLED5_1
Added Pin To Net: NetName=ROLL Pin=C3-2
Added Pin To Net: NetName=ROLL Pin=LED4-2
Added Pin To Net: NetName=ROLL Pin=R7-1
Added Pin To Net: NetName=ROLL Pin=S3-2
Added Net: Name=ROLL
Added Pin To Net: NetName=STOP Pin=C4-2
Added Pin To Net: NetName=STOP Pin=LED5-2
Added Pin To Net: NetName=STOP Pin=R8-1
Added Pin To Net: NetName=STOP Pin=S4-2
Added Net: Name=STOP
Added Pin To Net: NetName=UP Pin=C1-2
Added Pin To Net: NetName=UP Pin=LED2-2
Added Pin To Net: NetName=UP Pin=R3-1
Added Pin To Net: NetName=UP Pin=S1-2
Added Net: Name=UP
Added Pin To Net: NetName=VCC Pin=*1-2
Added Pin To Net: NetName=VCC Pin=A1-26
Added Pin To Net: NetName=VCC Pin=LED1-1
Added Pin To Net: NetName=VCC Pin=R1-2
Added Pin To Net: NetName=VCC Pin=R2-2
Added Pin To Net: NetName=VCC Pin=R3-2
Added Pin To Net: NetName=VCC Pin=R4-2
Added Pin To Net: NetName=VCC Pin=R5-2
Added Pin To Net: NetName=VCC Pin=R6-2
Added Pin To Net: NetName=VCC Pin=R7-2
Added Pin To Net: NetName=VCC Pin=R8-2
Added Pin To Net: NetName=VCC Pin=U1-6
Added Net: Name=VCC
Added Class: Name=RemoteLora
Added Room: Name=RemoteLora
